<?xml version="1.0" encoding="UTF-8"?>
<!-- Generated by org.testng.reporters.JUnitReportReporter -->
<testsuite hostname="hp" failures="0" tests="1" name="orangeHRM1.ApplyLeaveTest" time="22.193" errors="0" timestamp="2025-05-24T21:51:27 IST" skipped="0">
  <testcase classname="orangeHRM1.ApplyLeaveTest" name="testApplyForLeave" time="22.193"/>
</testsuite> <!-- orangeHRM1.ApplyLeaveTest -->
